<?xml version="1.0" encoding="UTF-8"?>
<!-- Generated by org.testng.reporters.JUnitReportReporter -->
<testsuite hostname="DESKTOP-RI6UESP" failures="0" tests="3" name="TestCases.VerfiyLoginPage" time="13.309" errors="0" timestamp="2023-02-13T12:51:10 IST" skipped="0">
  <testcase classname="TestCases.VerfiyLoginPage" name="login" time="3.913"/>
  <system-out/>
  <testcase classname="TestCases.VerfiyLoginPage" name="login" time="4.265"/>
  <system-out/>
  <testcase classname="TestCases.VerfiyLoginPage" name="login" time="5.131"/>
  <system-out/>
</testsuite> <!-- TestCases.VerfiyLoginPage -->
