<?xml version="1.0" encoding="UTF-8"?>
<!-- Generated by org.testng.reporters.JUnitReportReporter -->
<testsuite hostname="DESKTOP-RI6UESP" failures="0" tests="3" name="TestCases.VerfiyLoginPage" time="19.002" errors="0" timestamp="2023-02-14T13:41:49 IST" skipped="0">
  <testcase classname="TestCases.VerfiyLoginPage" name="login" time="5.802"/>
  <system-out/>
  <testcase classname="TestCases.VerfiyLoginPage" name="login" time="7.842"/>
  <system-out/>
  <testcase classname="TestCases.VerfiyLoginPage" name="login" time="5.358"/>
  <system-out/>
</testsuite> <!-- TestCases.VerfiyLoginPage -->
